This is pdfTeX, Version 3.14159265-2.6-1.40.17 (TeX Live 2016) (preloaded format=pdflatex 2016.5.22)  16 DEC 2017 18:02
entering extended mode
 restricted \write18 enabled.
 %&-line parsing enabled.
**thesis.tex
(./thesis.tex
LaTeX2e <2016/03/31>
Babel <3.9r> and hyphenation patterns for 83 language(s) loaded.
(./memphisthesis.cls
Document Class: memphisthesis 2011/07/19 v0.1 Customized LaTeX document class
(/usr/local/texlive/2016/texmf-dist/tex/latex/base/size12.clo
File: size12.clo 2014/09/29 v1.4h Standard LaTeX file (size option)
)
\c@part=\count79
\c@chapter=\count80
\c@section=\count81
\c@subsection=\count82
\c@subsubsection=\count83
\c@paragraph=\count84
\c@subparagraph=\count85
\c@figure=\count86
\c@table=\count87
\abovecaptionskip=\skip41
\belowcaptionskip=\skip42
\bibindent=\dimen102
)
(/usr/local/texlive/2016/texmf-dist/tex/latex/geometry/geometry.sty
Package: geometry 2010/09/12 v5.6 Page Geometry

(/usr/local/texlive/2016/texmf-dist/tex/latex/graphics/keyval.sty
Package: keyval 2014/10/28 v1.15 key=value parser (DPC)
\KV@toks@=\toks14
)
(/usr/local/texlive/2016/texmf-dist/tex/generic/oberdiek/ifpdf.sty
Package: ifpdf 2016/05/14 v3.1 Provides the ifpdf switch
)
(/usr/local/texlive/2016/texmf-dist/tex/generic/oberdiek/ifvtex.sty
Package: ifvtex 2016/05/16 v1.6 Detect VTeX and its facilities (HO)
Package ifvtex Info: VTeX not detected.
)
(/usr/local/texlive/2016/texmf-dist/tex/generic/ifxetex/ifxetex.sty
Package: ifxetex 2010/09/12 v0.6 Provides ifxetex conditional
)
\Gm@cnth=\count88
\Gm@cntv=\count89
\c@Gm@tempcnt=\count90
\Gm@bindingoffset=\dimen103
\Gm@wd@mp=\dimen104
\Gm@odd@mp=\dimen105
\Gm@even@mp=\dimen106
\Gm@layoutwidth=\dimen107
\Gm@layoutheight=\dimen108
\Gm@layouthoffset=\dimen109
\Gm@layoutvoffset=\dimen110
\Gm@dimlist=\toks15
)
(/usr/local/texlive/2016/texmf-dist/tex/latex/placeins/placeins.sty
Package: placeins 2005/04/18  v 2.2
)
(/usr/local/texlive/2016/texmf-dist/tex/latex/natbib/natbib.sty
Package: natbib 2010/09/13 8.31b (PWD, AO)
\bibhang=\skip43
\bibsep=\skip44
LaTeX Info: Redefining \cite on input line 694.
\c@NAT@ctr=\count91
)
(/usr/local/texlive/2016/texmf-dist/tex/latex/chngcntr/chngcntr.sty
Package: chngcntr 2009/09/02 v1.0a change counter resetting
)
(/usr/local/texlive/2016/texmf-dist/tex/latex/titlesec/titlesec.sty
Package: titlesec 2016/03/21 v2.10.2 Sectioning titles
\ttl@box=\box26
\beforetitleunit=\skip45
\aftertitleunit=\skip46
\ttl@plus=\dimen111
\ttl@minus=\dimen112
\ttl@toksa=\toks16
\titlewidth=\dimen113
\titlewidthlast=\dimen114
\titlewidthfirst=\dimen115
)
(./trackchanges.sty
Package: trackchanges 2009/04/22 v0.7.0 TrackChanges file 

(/usr/local/texlive/2016/texmf-dist/tex/latex/graphics/color.sty
Package: color 2016/05/09 v1.1c Standard LaTeX Color (DPC)

(/usr/local/texlive/2016/texmf-dist/tex/latex/graphics-cfg/color.cfg
File: color.cfg 2016/01/02 v1.6 sample color configuration
)
Package color Info: Driver file: pdftex.def on input line 144.

(/usr/local/texlive/2016/texmf-dist/tex/latex/pdftex-def/pdftex.def
File: pdftex.def 2011/05/27 v0.06d Graphics/color for pdfTeX

(/usr/local/texlive/2016/texmf-dist/tex/generic/oberdiek/infwarerr.sty
Package: infwarerr 2016/05/16 v1.4 Providing info/warning/error messages (HO)
)
(/usr/local/texlive/2016/texmf-dist/tex/generic/oberdiek/ltxcmds.sty
Package: ltxcmds 2016/05/16 v1.23 LaTeX kernel commands for general use (HO)
)
\Gread@gobject=\count92
))
(/usr/local/texlive/2016/texmf-dist/tex/latex/base/ifthen.sty
Package: ifthen 2014/09/29 v1.1c Standard LaTeX ifthen package (DPC)
)
(/usr/local/texlive/2016/texmf-dist/tex/latex/tools/calc.sty
Package: calc 2014/10/28 v4.3 Infix arithmetic (KKT,FJ)
\calc@Acount=\count93
\calc@Bcount=\count94
\calc@Adimen=\dimen116
\calc@Bdimen=\dimen117
\calc@Askip=\skip47
\calc@Bskip=\skip48
LaTeX Info: Redefining \setlength on input line 80.
LaTeX Info: Redefining \addtolength on input line 81.
\calc@Ccount=\count95
\calc@Cskip=\skip49
)
(/usr/local/texlive/2016/texmf-dist/tex/latex/soul/soul.sty
Package: soul 2003/11/17 v2.4 letterspacing/underlining (mf)
\SOUL@word=\toks17
\SOUL@lasttoken=\toks18
\SOUL@cmds=\toks19
\SOUL@buffer=\toks20
\SOUL@token=\toks21
\SOUL@spaceskip=\skip50
\SOUL@ttwidth=\dimen118
\SOUL@uldp=\dimen119
\SOUL@ulht=\dimen120
)
(/usr/local/texlive/2016/texmf-dist/tex/latex/morefloats/morefloats.sty
Package: morefloats 2015/07/22 v1.0h Raise limit of unprocessed floats (HMM)

(/usr/local/texlive/2016/texmf-dist/tex/latex/oberdiek/kvoptions.sty
Package: kvoptions 2016/05/16 v3.12 Key value format for package options (HO)

(/usr/local/texlive/2016/texmf-dist/tex/generic/oberdiek/kvsetkeys.sty
Package: kvsetkeys 2016/05/16 v1.17 Key value parser (HO)

(/usr/local/texlive/2016/texmf-dist/tex/generic/oberdiek/etexcmds.sty
Package: etexcmds 2016/05/16 v1.6 Avoid name clashes with e-TeX commands (HO)

(/usr/local/texlive/2016/texmf-dist/tex/generic/oberdiek/ifluatex.sty
Package: ifluatex 2016/05/16 v1.4 Provides the ifluatex switch (HO)
Package ifluatex Info: LuaTeX not detected.
)
Package etexcmds Info: Could not find \expanded.
(etexcmds)             That can mean that you are not using pdfTeX 1.50 or
(etexcmds)             that some package has redefined \expanded.
(etexcmds)             In the latter case, load this package earlier.
)))
Package morefloats Info: Maximum number of possible floats asked for: 36
(morefloats)             (i.e. 18 more floats).
(morefloats)             LaTeX might run out of memory before this
(morefloats)             (in which case it will notify you).
)
\c@userid=\count96
\c@changenumber=\count97
\c@storefootnote=\count98
\c@numeditors=\count99
\c@maxeditors=\count100
)
Package color Info: Redefining color UserColor on input line 21.
Package color Info: Redefining color UserColor on input line 22.
Package color Info: Redefining color UserColor on input line 23.
Package color Info: Redefining color UserColor on input line 24.

(/usr/local/texlive/2016/texmf-dist/tex/latex/psnfss/times.sty
Package: times 2005/04/12 PSNFSS-v9.2a (SPQR) 
)
(/usr/local/texlive/2016/texmf-dist/tex/latex/amsmath/amsmath.sty
Package: amsmath 2016/03/10 v2.15b AMS math features
\@mathmargin=\skip51

For additional information on amsmath, use the `?' option.
(/usr/local/texlive/2016/texmf-dist/tex/latex/amsmath/amstext.sty
Package: amstext 2000/06/29 v2.01 AMS text

(/usr/local/texlive/2016/texmf-dist/tex/latex/amsmath/amsgen.sty
File: amsgen.sty 1999/11/30 v2.0 generic functions
\@emptytoks=\toks22
\ex@=\dimen121
))
(/usr/local/texlive/2016/texmf-dist/tex/latex/amsmath/amsbsy.sty
Package: amsbsy 1999/11/29 v1.2d Bold Symbols
\pmbraise@=\dimen122
)
(/usr/local/texlive/2016/texmf-dist/tex/latex/amsmath/amsopn.sty
Package: amsopn 2016/03/08 v2.02 operator names
)
\inf@bad=\count101
LaTeX Info: Redefining \frac on input line 199.
\uproot@=\count102
\leftroot@=\count103
LaTeX Info: Redefining \overline on input line 297.
\classnum@=\count104
\DOTSCASE@=\count105
LaTeX Info: Redefining \ldots on input line 394.
LaTeX Info: Redefining \dots on input line 397.
LaTeX Info: Redefining \cdots on input line 518.
\Mathstrutbox@=\box27
\strutbox@=\box28
\big@size=\dimen123
LaTeX Font Info:    Redeclaring font encoding OML on input line 634.
LaTeX Font Info:    Redeclaring font encoding OMS on input line 635.
\macc@depth=\count106
\c@MaxMatrixCols=\count107
\dotsspace@=\muskip10
\c@parentequation=\count108
\dspbrk@lvl=\count109
\tag@help=\toks23
\row@=\count110
\column@=\count111
\maxfields@=\count112
\andhelp@=\toks24
\eqnshift@=\dimen124
\alignsep@=\dimen125
\tagshift@=\dimen126
\tagwidth@=\dimen127
\totwidth@=\dimen128
\lineht@=\dimen129
\@envbody=\toks25
\multlinegap=\skip52
\multlinetaggap=\skip53
\mathdisplay@stack=\toks26
LaTeX Info: Redefining \[ on input line 2739.
LaTeX Info: Redefining \] on input line 2740.
)
(/usr/local/texlive/2016/texmf-dist/tex/latex/base/textcomp.sty
Package: textcomp 2005/09/27 v1.99g Standard LaTeX package
Package textcomp Info: Sub-encoding information:
(textcomp)               5 = only ISO-Adobe without \textcurrency
(textcomp)               4 = 5 + \texteuro
(textcomp)               3 = 4 + \textohm
(textcomp)               2 = 3 + \textestimated + \textcurrency
(textcomp)               1 = TS1 - \textcircled - \t
(textcomp)               0 = TS1 (full)
(textcomp)             Font families with sub-encoding setting implement
(textcomp)             only a restricted character set as indicated.
(textcomp)             Family '?' is the default used for unknown fonts.
(textcomp)             See the documentation for details.
Package textcomp Info: Setting ? sub-encoding to TS1/1 on input line 79.

(/usr/local/texlive/2016/texmf-dist/tex/latex/base/ts1enc.def
File: ts1enc.def 2001/06/05 v3.0e (jk/car/fm) Standard LaTeX file
)
LaTeX Info: Redefining \oldstylenums on input line 334.
Package textcomp Info: Setting cmr sub-encoding to TS1/0 on input line 349.
Package textcomp Info: Setting cmss sub-encoding to TS1/0 on input line 350.
Package textcomp Info: Setting cmtt sub-encoding to TS1/0 on input line 351.
Package textcomp Info: Setting cmvtt sub-encoding to TS1/0 on input line 352.
Package textcomp Info: Setting cmbr sub-encoding to TS1/0 on input line 353.
Package textcomp Info: Setting cmtl sub-encoding to TS1/0 on input line 354.
Package textcomp Info: Setting ccr sub-encoding to TS1/0 on input line 355.
Package textcomp Info: Setting ptm sub-encoding to TS1/4 on input line 356.
Package textcomp Info: Setting pcr sub-encoding to TS1/4 on input line 357.
Package textcomp Info: Setting phv sub-encoding to TS1/4 on input line 358.
Package textcomp Info: Setting ppl sub-encoding to TS1/3 on input line 359.
Package textcomp Info: Setting pag sub-encoding to TS1/4 on input line 360.
Package textcomp Info: Setting pbk sub-encoding to TS1/4 on input line 361.
Package textcomp Info: Setting pnc sub-encoding to TS1/4 on input line 362.
Package textcomp Info: Setting pzc sub-encoding to TS1/4 on input line 363.
Package textcomp Info: Setting bch sub-encoding to TS1/4 on input line 364.
Package textcomp Info: Setting put sub-encoding to TS1/5 on input line 365.
Package textcomp Info: Setting uag sub-encoding to TS1/5 on input line 366.
Package textcomp Info: Setting ugq sub-encoding to TS1/5 on input line 367.
Package textcomp Info: Setting ul8 sub-encoding to TS1/4 on input line 368.
Package textcomp Info: Setting ul9 sub-encoding to TS1/4 on input line 369.
Package textcomp Info: Setting augie sub-encoding to TS1/5 on input line 370.
Package textcomp Info: Setting dayrom sub-encoding to TS1/3 on input line 371.
Package textcomp Info: Setting dayroms sub-encoding to TS1/3 on input line 372.

Package textcomp Info: Setting pxr sub-encoding to TS1/0 on input line 373.
Package textcomp Info: Setting pxss sub-encoding to TS1/0 on input line 374.
Package textcomp Info: Setting pxtt sub-encoding to TS1/0 on input line 375.
Package textcomp Info: Setting txr sub-encoding to TS1/0 on input line 376.
Package textcomp Info: Setting txss sub-encoding to TS1/0 on input line 377.
Package textcomp Info: Setting txtt sub-encoding to TS1/0 on input line 378.
Package textcomp Info: Setting lmr sub-encoding to TS1/0 on input line 379.
Package textcomp Info: Setting lmdh sub-encoding to TS1/0 on input line 380.
Package textcomp Info: Setting lmss sub-encoding to TS1/0 on input line 381.
Package textcomp Info: Setting lmssq sub-encoding to TS1/0 on input line 382.
Package textcomp Info: Setting lmvtt sub-encoding to TS1/0 on input line 383.
Package textcomp Info: Setting lmtt sub-encoding to TS1/0 on input line 384.
Package textcomp Info: Setting qhv sub-encoding to TS1/0 on input line 385.
Package textcomp Info: Setting qag sub-encoding to TS1/0 on input line 386.
Package textcomp Info: Setting qbk sub-encoding to TS1/0 on input line 387.
Package textcomp Info: Setting qcr sub-encoding to TS1/0 on input line 388.
Package textcomp Info: Setting qcs sub-encoding to TS1/0 on input line 389.
Package textcomp Info: Setting qpl sub-encoding to TS1/0 on input line 390.
Package textcomp Info: Setting qtm sub-encoding to TS1/0 on input line 391.
Package textcomp Info: Setting qzc sub-encoding to TS1/0 on input line 392.
Package textcomp Info: Setting qhvc sub-encoding to TS1/0 on input line 393.
Package textcomp Info: Setting futs sub-encoding to TS1/4 on input line 394.
Package textcomp Info: Setting futx sub-encoding to TS1/4 on input line 395.
Package textcomp Info: Setting futj sub-encoding to TS1/4 on input line 396.
Package textcomp Info: Setting hlh sub-encoding to TS1/3 on input line 397.
Package textcomp Info: Setting hls sub-encoding to TS1/3 on input line 398.
Package textcomp Info: Setting hlst sub-encoding to TS1/3 on input line 399.
Package textcomp Info: Setting hlct sub-encoding to TS1/5 on input line 400.
Package textcomp Info: Setting hlx sub-encoding to TS1/5 on input line 401.
Package textcomp Info: Setting hlce sub-encoding to TS1/5 on input line 402.
Package textcomp Info: Setting hlcn sub-encoding to TS1/5 on input line 403.
Package textcomp Info: Setting hlcw sub-encoding to TS1/5 on input line 404.
Package textcomp Info: Setting hlcf sub-encoding to TS1/5 on input line 405.
Package textcomp Info: Setting pplx sub-encoding to TS1/3 on input line 406.
Package textcomp Info: Setting pplj sub-encoding to TS1/3 on input line 407.
Package textcomp Info: Setting ptmx sub-encoding to TS1/4 on input line 408.
Package textcomp Info: Setting ptmj sub-encoding to TS1/4 on input line 409.
)
(/usr/local/texlive/2016/texmf-dist/tex/latex/booktabs/booktabs.sty
Package: booktabs 2016/04/27 v1.618033 publication quality tables
\heavyrulewidth=\dimen130
\lightrulewidth=\dimen131
\cmidrulewidth=\dimen132
\belowrulesep=\dimen133
\belowbottomsep=\dimen134
\aboverulesep=\dimen135
\abovetopsep=\dimen136
\cmidrulesep=\dimen137
\cmidrulekern=\dimen138
\defaultaddspace=\dimen139
\@cmidla=\count113
\@cmidlb=\count114
\@aboverulesep=\dimen140
\@belowrulesep=\dimen141
\@thisruleclass=\count115
\@lastruleclass=\count116
\@thisrulewidth=\dimen142
)
(/usr/local/texlive/2016/texmf-dist/tex/latex/setspace/setspace.sty
Package: setspace 2011/12/19 v6.7a set line spacing
)
(/usr/local/texlive/2016/texmf-dist/tex/latex/graphics/graphicx.sty
Package: graphicx 2014/10/28 v1.0g Enhanced LaTeX Graphics (DPC,SPQR)

(/usr/local/texlive/2016/texmf-dist/tex/latex/graphics/graphics.sty
Package: graphics 2016/05/09 v1.0r Standard LaTeX Graphics (DPC,SPQR)

(/usr/local/texlive/2016/texmf-dist/tex/latex/graphics/trig.sty
Package: trig 2016/01/03 v1.10 sin cos tan (DPC)
)
(/usr/local/texlive/2016/texmf-dist/tex/latex/graphics-cfg/graphics.cfg
File: graphics.cfg 2016/01/02 v1.10 sample graphics configuration
)
Package graphics Info: Driver file: pdftex.def on input line 96.
)
\Gin@req@height=\dimen143
\Gin@req@width=\dimen144
)
(/usr/local/texlive/2016/texmf-dist/tex/latex/subfigure/subfigure.sty
Package: subfigure 2002/03/15 v2.1.5 subfigure package
\subfigtopskip=\skip54
\subfigcapskip=\skip55
\subfigcaptopadj=\dimen145
\subfigbottomskip=\skip56
\subfigcapmargin=\dimen146
\subfiglabelskip=\skip57
\c@subfigure=\count117
\c@lofdepth=\count118
\c@subtable=\count119
\c@lotdepth=\count120

****************************************
* Local config file subfigure.cfg used *
****************************************
(/usr/local/texlive/2016/texmf-dist/tex/latex/subfigure/subfigure.cfg)
\subfig@top=\skip58
\subfig@bottom=\skip59
)
(/usr/local/texlive/2016/texmf-dist/tex/latex/caption/caption.sty
Package: caption 2016/02/21 v3.3-144 Customizing captions (AR)

(/usr/local/texlive/2016/texmf-dist/tex/latex/caption/caption3.sty
Package: caption3 2016/02/04 v1.7-139 caption3 kernel (AR)
Package caption3 Info: TeX engine: e-TeX on input line 67.
\captionmargin=\dimen147
\captionmargin@=\dimen148
\captionwidth=\dimen149
\caption@tempdima=\dimen150
\caption@indent=\dimen151
\caption@parindent=\dimen152
\caption@hangindent=\dimen153
Package caption Info: Unknown document class (or package),
(caption)             standard defaults will be used.
)

Package caption Warning: Unsupported document class (or package) detected,
(caption)                usage of the caption package is not recommended.
See the caption package documentation for explanation.

Package caption Info: \@makecaption = \long macro:#1#2->\vskip \abovecaptionski
p \sbox \@tempboxa {#1. #2}\ifdim \wd \@tempboxa >\hsize #1. #2\par \else \glob
al \@minipagefalse \hb@xt@ \hsize {\hfil \box \@tempboxa \hfil }\fi \vskip \bel
owcaptionskip .
\c@ContinuedFloat=\count121
Package caption Info: subfigure package is loaded.
) (/usr/local/texlive/2016/texmf-dist/tex/latex/tools/indentfirst.sty
Package: indentfirst 1995/11/23 v1.03 Indent first paragraph (DPC)
)
(/usr/local/texlive/2016/texmf-dist/tex/latex/footmisc/footmisc.sty
Package: footmisc 2011/06/06 v5.5b a miscellany of footnote facilities
\FN@temptoken=\toks27
\footnotemargin=\dimen154
\c@pp@next@reset=\count122
Package footmisc Info: Declaring symbol style bringhurst on input line 855.
Package footmisc Info: Declaring symbol style chicago on input line 863.
Package footmisc Info: Declaring symbol style wiley on input line 872.
Package footmisc Info: Declaring symbol style lamport-robust on input line 883.

Package footmisc Info: Declaring symbol style lamport* on input line 903.
Package footmisc Info: Declaring symbol style lamport*-robust on input line 924
.
)

LaTeX Warning: Unused global option(s):
    [notitle].

(./thesis.aux)
\openout1 = `thesis.aux'.

LaTeX Font Info:    Checking defaults for OML/cmm/m/it on input line 74.
LaTeX Font Info:    ... okay on input line 74.
LaTeX Font Info:    Checking defaults for T1/cmr/m/n on input line 74.
LaTeX Font Info:    ... okay on input line 74.
LaTeX Font Info:    Checking defaults for OT1/cmr/m/n on input line 74.
LaTeX Font Info:    ... okay on input line 74.
LaTeX Font Info:    Checking defaults for OMS/cmsy/m/n on input line 74.
LaTeX Font Info:    ... okay on input line 74.
LaTeX Font Info:    Checking defaults for OMX/cmex/m/n on input line 74.
LaTeX Font Info:    ... okay on input line 74.
LaTeX Font Info:    Checking defaults for U/cmr/m/n on input line 74.
LaTeX Font Info:    ... okay on input line 74.
LaTeX Font Info:    Checking defaults for TS1/cmr/m/n on input line 74.
LaTeX Font Info:    Try loading font information for TS1+cmr on input line 74.
 (/usr/local/texlive/2016/texmf-dist/tex/latex/base/ts1cmr.fd
File: ts1cmr.fd 2014/09/29 v2.5h Standard LaTeX font definitions
)
LaTeX Font Info:    ... okay on input line 74.
LaTeX Font Info:    Try loading font information for OT1+ptm on input line 74.

(/usr/local/texlive/2016/texmf-dist/tex/latex/psnfss/ot1ptm.fd
File: ot1ptm.fd 2001/06/04 font definitions for OT1/ptm.
)
*geometry* driver: auto-detecting
*geometry* detected driver: pdftex
*geometry* verbose mode - [ preamble ] result:
* driver: pdftex
* paper: a4paper
* layout: <same size as paper>
* layoutoffset:(h,v)=(0.0pt,0.0pt)
* modes: 
* h-part:(L,W,R)=(72.26999pt, 452.9679pt, 72.26999pt)
* v-part:(T,H,B)=(72.26999pt, 700.50687pt, 72.26999pt)
* \paperwidth=597.50787pt
* \paperheight=845.04684pt
* \textwidth=452.9679pt
* \textheight=700.50687pt
* \oddsidemargin=0.0pt
* \evensidemargin=0.0pt
* \topmargin=-37.0pt
* \headheight=12.0pt
* \headsep=25.0pt
* \topskip=12.0pt
* \footskip=36.135pt
* \marginparwidth=35.0pt
* \marginparsep=10.0pt
* \columnsep=10.0pt
* \skip\footins=10.8pt plus 4.0pt minus 2.0pt
* \hoffset=0.0pt
* \voffset=0.0pt
* \mag=1000
* \@twocolumnfalse
* \@twosidefalse
* \@mparswitchfalse
* \@reversemarginfalse
* (1in=72.27pt=25.4mm, 1cm=28.453pt)

(/usr/local/texlive/2016/texmf-dist/tex/context/base/mkii/supp-pdf.mkii
[Loading MPS to PDF converter (version 2006.09.02).]
\scratchcounter=\count123
\scratchdimen=\dimen155
\scratchbox=\box29
\nofMPsegments=\count124
\nofMParguments=\count125
\everyMPshowfont=\toks28
\MPscratchCnt=\count126
\MPscratchDim=\dimen156
\MPnumerator=\count127
\makeMPintoPDFobject=\count128
\everyMPtoPDFconversion=\toks29
) (/usr/local/texlive/2016/texmf-dist/tex/generic/oberdiek/pdftexcmds.sty
Package: pdftexcmds 2016/05/10 v0.21 Utility functions of pdfTeX for LuaTeX (HO
)
Package pdftexcmds Info: LuaTeX not detected.
Package pdftexcmds Info: \pdf@primitive is available.
Package pdftexcmds Info: \pdf@ifprimitive is available.
Package pdftexcmds Info: \pdfdraftmode found.
)
(/usr/local/texlive/2016/texmf-dist/tex/latex/oberdiek/epstopdf-base.sty
Package: epstopdf-base 2016/05/15 v2.6 Base part for package epstopdf

(/usr/local/texlive/2016/texmf-dist/tex/latex/oberdiek/grfext.sty
Package: grfext 2016/05/16 v1.2 Manage graphics extensions (HO)

(/usr/local/texlive/2016/texmf-dist/tex/generic/oberdiek/kvdefinekeys.sty
Package: kvdefinekeys 2016/05/16 v1.4 Define keys (HO)
))
Package grfext Info: Graphics extension search list:
(grfext)             [.png,.pdf,.jpg,.mps,.jpeg,.jbig2,.jb2,.PNG,.PDF,.JPG,.JPE
G,.JBIG2,.JB2,.eps]
(grfext)             \AppendGraphicsExtensions on input line 456.

(/usr/local/texlive/2016/texmf-dist/tex/latex/latexconfig/epstopdf-sys.cfg
File: epstopdf-sys.cfg 2010/07/13 v1.3 Configuration of (r)epstopdf for TeX Liv
e
))
Package caption Info: Begin \AtBeginDocument code.
Package caption Info: End \AtBeginDocument code.

(./title.tex [1

{/usr/local/texlive/2016/texmf-var/fonts/map/pdftex/updmap/pdftex.map}])
LaTeX Font Info:    Try loading font information for TS1+ptm on input line 87.
 (/usr/local/texlive/2016/texmf-dist/tex/latex/psnfss/ts1ptm.fd
File: ts1ptm.fd 2001/06/04 font definitions for TS1/ptm.
)
[2]
LaTeX Font Info:    Font shape `OT1/ptm/bx/n' in size <12> not available
(Font)              Font shape `OT1/ptm/b/n' tried instead on input line 95.
 [3] [4] (./thesis.toc)
\tf@toc=\write3
\openout3 = `thesis.toc'.

 [5

] (./thesis.lof [6

] [7] [8]
Missing character: There is no ‚ in font ptmr7t!
Missing character: There is no Ä in font ptmr7t!
Missing character: There is no ì in font ptmr7t!
 [9])
\tf@lof=\write4
\openout4 = `thesis.lof'.

 [10]
Chapter 1.
[1

] [2]
<../plots_intro_and_analysis/topo_with_annotation.png, id=46, 565.6332pt x 500.
5902pt>
File: ../plots_intro_and_analysis/topo_with_annotation.png Graphic file (type p
ng)
 <use ../plots_intro_and_analysis/topo_with_annotation.png>
Package pdftex.def Info: ../plots_intro_and_analysis/topo_with_annotation.png u
sed on input line 154.
(pdftex.def)             Requested size: 407.66833pt x 360.7913pt.
 [3] [4 <../plots_intro_and_analysis/topo_with_annotation.png>]
Chapter 2.
Missing character: There is no ‚ in font ptmr7t!
Missing character: There is no Ä in font ptmr7t!
Missing character: There is no ú in font ptmr7t!
Missing character: There is no ‚ in font ptmr7t!
Missing character: There is no Ä in font ptmr7t!
Missing character: There is no ù in font ptmr7t!
[5

] [6] [7]
Chapter 3.

LaTeX Warning: `!h' float specifier changed to `!ht'.

<../plots_intro_and_analysis/nakajima.pdf, id=65, 421.575pt x 316.18124pt>
File: ../plots_intro_and_analysis/nakajima.pdf Graphic file (type pdf)

<use ../plots_intro_and_analysis/nakajima.pdf>
Package pdftex.def Info: ../plots_intro_and_analysis/nakajima.pdf used on input
 line 199.
(pdftex.def)             Requested size: 407.66833pt x 305.75948pt.
 [8

] [9 <../plots_intro_and_analysis/nakajima.pdf>]
<../plots_intro_and_analysis/plot_wadati.png, id=89, 421.575pt x 316.0608pt>
File: ../plots_intro_and_analysis/plot_wadati.png Graphic file (type png)

<use ../plots_intro_and_analysis/plot_wadati.png>
Package pdftex.def Info: ../plots_intro_and_analysis/plot_wadati.png used on in
put line 214.
(pdftex.def)             Requested size: 407.66833pt x 305.643pt.
 [10]

LaTeX Warning: `!h' float specifier changed to `!ht'.

<../plots_intro_and_analysis/smoother_10.pdf, id=93, 746.79pt x 316.18124pt>
File: ../plots_intro_and_analysis/smoother_10.pdf Graphic file (type pdf)

<use ../plots_intro_and_analysis/smoother_10.pdf>
Package pdftex.def Info: ../plots_intro_and_analysis/smoother_10.pdf used on in
put line 240.
(pdftex.def)             Requested size: 407.66833pt x 172.60242pt.

<../plots_intro_and_analysis/smoother_256.pdf, id=94, 749.80125pt x 316.18124pt
>
File: ../plots_intro_and_analysis/smoother_256.pdf Graphic file (type pdf)
 <use ../plots_intro_and_analysis/smoother_256.pdf>
Package pdftex.def Info: ../plots_intro_and_analysis/smoother_256.pdf used on i
nput line 247.
(pdftex.def)             Requested size: 407.66833pt x 171.90768pt.

<../plots_intro_and_analysis/smoother_opt.pdf, id=95, 748.7975pt x 316.18124pt>
File: ../plots_intro_and_analysis/smoother_opt.pdf Graphic file (type pdf)
<use ../plots_intro_and_analysis/smoother_opt.pdf>
Package pdftex.def Info: ../plots_intro_and_analysis/smoother_opt.pdf used on i
nput line 254.
(pdftex.def)             Requested size: 407.66833pt x 172.13927pt.
 [11 <../plots_intro_and_analysis/plot_wadati.png>] [12 <../plots_intro_and_ana
lysis/smoother_10.pdf> <../plots_intro_and_analysis/smoother_256.pdf>] [13 <../
plots_intro_and_analysis/smoother_opt.pdf>]
Chapter 4.
<../plots_jhd/jmalist_rgb72dpi_30perc.png, id=170, 716.6775pt x 1013.7875pt>
File: ../plots_jhd/jmalist_rgb72dpi_30perc.png Graphic file (type png)

<use ../plots_jhd/jmalist_rgb72dpi_30perc.png>
Package pdftex.def Info: ../plots_jhd/jmalist_rgb72dpi_30perc.png used on input
 line 272.
(pdftex.def)             Requested size: 181.18439pt x 256.29257pt.

<../plots_jhd/nineteen_months_72dpi_30perc.png, id=171, 716.6775pt x 1013.7875p
t>
File: ../plots_jhd/nineteen_months_72dpi_30perc.png Graphic file (type png)
 <use ../plots_jhd/nineteen_months_72dpi_30perc.png>
Package pdftex.def Info: ../plots_jhd/nineteen_months_72dpi_30perc.png used on 
input line 276.
(pdftex.def)             Requested size: 181.18439pt x 256.29257pt.


LaTeX Warning: `!h' float specifier changed to `!ht'.

<../plots_jhd/jhd_g1histograms.pdf, id=172, 421.575pt x 316.18124pt>
File: ../plots_jhd/jhd_g1histograms.pdf Graphic file (type pdf)

<use ../plots_jhd/jhd_g1histograms.pdf>
Package pdftex.def Info: ../plots_jhd/jhd_g1histograms.pdf used on input line 3
04.
(pdftex.def)             Requested size: 407.66833pt x 305.75948pt.

<../plots_jhd/jhd_g1statcorr.png, id=173, 928.9104pt x 489.5088pt>
File: ../plots_jhd/jhd_g1statcorr.png Graphic file (type png)

<use ../plots_jhd/jhd_g1statcorr.png>
Package pdftex.def Info: ../plots_jhd/jhd_g1statcorr.png used on input line 311
.
(pdftex.def)             Requested size: 407.66833pt x 214.82434pt.
 [14

 <../plots_jhd/jmalist_rgb72dpi_30perc.png> <../plots_jhd/nineteen_months_72dpi
_30perc.png>]
<../plots_jhd/jhd_g6histograms.pdf, id=179, 421.575pt x 316.18124pt>
File: ../plots_jhd/jhd_g6histograms.pdf Graphic file (type pdf)

<use ../plots_jhd/jhd_g6histograms.pdf>
Package pdftex.def Info: ../plots_jhd/jhd_g6histograms.pdf used on input line 3
20.
(pdftex.def)             Requested size: 407.66833pt x 305.75948pt.

<../plots_jhd/jhd_g6statcorr.png, id=180, 928.9104pt x 489.5088pt>
File: ../plots_jhd/jhd_g6statcorr.png Graphic file (type png)

<use ../plots_jhd/jhd_g6statcorr.png>
Package pdftex.def Info: ../plots_jhd/jhd_g6statcorr.png used on input line 327
.
(pdftex.def)             Requested size: 407.66833pt x 214.82434pt.

<../plots_jhd/jhd_g6topview.png, id=181, 445.4241pt x 372.4314pt>
File: ../plots_jhd/jhd_g6topview.png Graphic file (type png)

<use ../plots_jhd/jhd_g6topview.png>
Package pdftex.def Info: ../plots_jhd/jhd_g6topview.png used on input line 337.

(pdftex.def)             Requested size: 181.18439pt x 151.49309pt.

<../plots_jhd/jhd_g6sideview.png, id=182, 351.4731pt x 469.0323pt>
File: ../plots_jhd/jhd_g6sideview.png Graphic file (type png)

<use ../plots_jhd/jhd_g6sideview.png>
Package pdftex.def Info: ../plots_jhd/jhd_g6sideview.png used on input line 341
.
(pdftex.def)             Requested size: 181.18439pt x 241.78693pt.
 [15 <../plots_jhd/jhd_g1histograms.pdf>]
[16 <../plots_jhd/jhd_g1statcorr.png (PNG copy)> <../plots_jhd/jhd_g6histograms
.pdf>] <../plots_jhd/jhd_g8histograms.pdf, id=228, 421.575pt x 316.18124pt>
File: ../plots_jhd/jhd_g8histograms.pdf Graphic file (type pdf)

<use ../plots_jhd/jhd_g8histograms.pdf>
Package pdftex.def Info: ../plots_jhd/jhd_g8histograms.pdf used on input line 3
49.
(pdftex.def)             Requested size: 407.66833pt x 305.75948pt.
 [17 <../plots_jhd/jhd_g6statcorr.png (PNG copy)> <../plots_jhd/jhd_g6topview.p
ng (PNG copy)> <../plots_jhd/jhd_g6sideview.png (PNG copy)>]
<../plots_jhd/jhd_g8topview.png, id=232, 387.6081pt x 369.2997pt>
File: ../plots_jhd/jhd_g8topview.png Graphic file (type png)

<use ../plots_jhd/jhd_g8topview.png>
Package pdftex.def Info: ../plots_jhd/jhd_g8topview.png used on input line 359.

(pdftex.def)             Requested size: 181.18439pt x 172.62982pt.

<../plots_jhd/jhd_g8sideview.png, id=233, 359.9046pt x 464.6961pt>
File: ../plots_jhd/jhd_g8sideview.png Graphic file (type png)

<use ../plots_jhd/jhd_g8sideview.png>
Package pdftex.def Info: ../plots_jhd/jhd_g8sideview.png used on input line 363
.
(pdftex.def)             Requested size: 181.18439pt x 233.94287pt.

<../plots_jhd/jhd_g8statcorr.png, id=234, 928.9104pt x 489.5088pt>
File: ../plots_jhd/jhd_g8statcorr.png Graphic file (type png)

<use ../plots_jhd/jhd_g8statcorr.png>
Package pdftex.def Info: ../plots_jhd/jhd_g8statcorr.png used on input line 369
.
(pdftex.def)             Requested size: 407.66833pt x 214.82434pt.
 [18 <../plots_jhd/jhd_g8histograms.pdf>]
[19 <../plots_jhd/jhd_g8topview.png (PNG copy)> <../plots_jhd/jhd_g8sideview.pn
g (PNG copy)> <../plots_jhd/jhd_g8statcorr.png (PNG copy)>]
<../plots_intro_and_analysis/japan-geology.pdf, id=260, 642.4pt x 642.4pt>
File: ../plots_intro_and_analysis/japan-geology.pdf Graphic file (type pdf)

<use ../plots_intro_and_analysis/japan-geology.pdf>
Package pdftex.def Info: ../plots_intro_and_analysis/japan-geology.pdf used on 
input line 401.
(pdftex.def)             Requested size: 407.66833pt x 407.67442pt.
 [20]
<../plots_chbrd/chk1allp_maps_72dpi_70perc.png, id=264, 975.645pt x 734.745pt>
File: ../plots_chbrd/chk1allp_maps_72dpi_70perc.png Graphic file (type png)

<use ../plots_chbrd/chk1allp_maps_72dpi_70perc.png>
Package pdftex.def Info: ../plots_chbrd/chk1allp_maps_72dpi_70perc.png used on 
input line 416.
(pdftex.def)             Requested size: 407.66833pt x 307.01pt.

<../plots_chbrd/chk1alls_maps_72dpi_70perc.png, id=265, 975.645pt x 734.745pt>
File: ../plots_chbrd/chk1alls_maps_72dpi_70perc.png Graphic file (type png)

<use ../plots_chbrd/chk1alls_maps_72dpi_70perc.png>
Package pdftex.def Info: ../plots_chbrd/chk1alls_maps_72dpi_70perc.png used on 
input line 423.
(pdftex.def)             Requested size: 407.66833pt x 307.01pt.
 [21 <../plots_intro_and_analysis/japan-geology.pdf>]
<../plots_chbrd/chk1rayp_sections.png, id=286, 990.8217pt x 539.8569pt>
File: ../plots_chbrd/chk1rayp_sections.png Graphic file (type png)

<use ../plots_chbrd/chk1rayp_sections.png>
Package pdftex.def Info: ../plots_chbrd/chk1rayp_sections.png used on input lin
e 432.
(pdftex.def)             Requested size: 407.66833pt x 222.1171pt.

<../plots_chbrd/chk1rays_sections.png, id=287, 990.8217pt x 539.8569pt>
File: ../plots_chbrd/chk1rays_sections.png Graphic file (type png)

<use ../plots_chbrd/chk1rays_sections.png>
Package pdftex.def Info: ../plots_chbrd/chk1rays_sections.png used on input lin
e 439.
(pdftex.def)             Requested size: 407.66833pt x 222.1171pt.
 [22 <../plots_chbrd/chk1allp_maps_72dpi_70perc.png>]

LaTeX Warning: Text page 23 contains only floats.

[23 <../plots_chbrd/chk1alls_maps_72dpi_70perc.png> <../plots_chbrd/chk1rayp_se
ctions.png>]
<../plots_chbrd/chk2allp_maps_72dpi_70perc.png, id=296, 975.645pt x 734.745pt>
File: ../plots_chbrd/chk2allp_maps_72dpi_70perc.png Graphic file (type png)

<use ../plots_chbrd/chk2allp_maps_72dpi_70perc.png>
Package pdftex.def Info: ../plots_chbrd/chk2allp_maps_72dpi_70perc.png used on 
input line 448.
(pdftex.def)             Requested size: 407.66833pt x 307.01pt.

<../plots_chbrd/chk2alls_maps_72dpi_70perc.png, id=297, 975.645pt x 734.745pt>
File: ../plots_chbrd/chk2alls_maps_72dpi_70perc.png Graphic file (type png)

<use ../plots_chbrd/chk2alls_maps_72dpi_70perc.png>
Package pdftex.def Info: ../plots_chbrd/chk2alls_maps_72dpi_70perc.png used on 
input line 455.
(pdftex.def)             Requested size: 407.66833pt x 307.01pt.

<../plots_chbrd/chk2rayp_sections.png, id=298, 1055.6238pt x 625.3764pt>
File: ../plots_chbrd/chk2rayp_sections.png Graphic file (type png)

<use ../plots_chbrd/chk2rayp_sections.png>
Package pdftex.def Info: ../plots_chbrd/chk2rayp_sections.png used on input lin
e 464.
(pdftex.def)             Requested size: 407.66833pt x 241.5102pt.

<../plots_chbrd/chk2rays_sections.png, id=299, 1055.6238pt x 625.3764pt>
File: ../plots_chbrd/chk2rays_sections.png Graphic file (type png)

<use ../plots_chbrd/chk2rays_sections.png>
Package pdftex.def Info: ../plots_chbrd/chk2rays_sections.png used on input lin
e 471.
(pdftex.def)             Requested size: 407.66833pt x 241.5102pt.
 [24 <../plots_chbrd/chk1rays_sections.png>] [25 <../plots_chbrd/chk2allp_maps_
72dpi_70perc.png>]

LaTeX Warning: Text page 26 contains only floats.

[26 <../plots_chbrd/chk2alls_maps_72dpi_70perc.png> <../plots_chbrd/chk2rayp_se
ctions.png>]
<../plots_perturb/impact_staele.pdf, id=311, 751.80875pt x 316.18124pt>
File: ../plots_perturb/impact_staele.pdf Graphic file (type pdf)

<use ../plots_perturb/impact_staele.pdf>
Package pdftex.def Info: ../plots_perturb/impact_staele.pdf used on input line 
488.
(pdftex.def)             Requested size: 407.66833pt x 171.45418pt.
 [27 <../plots_chbrd/chk2rays_sections.png>]
<../plots_perturb/vp_pert_maps_72dpi_70perc.png, id=316, 740.7675pt x 355.3275p
t>
File: ../plots_perturb/vp_pert_maps_72dpi_70perc.png Graphic file (type png)
 <use ../plots_perturb/vp_pert_maps_72dpi_70perc.png>
Package pdftex.def Info: ../plots_perturb/vp_pert_maps_72dpi_70perc.png used on
 input line 497.
(pdftex.def)             Requested size: 407.66833pt x 195.55pt.

<../plots_perturb/vs_pert_maps_72dpi_70perc.png, id=317, 740.7675pt x 355.3275p
t>
File: ../plots_perturb/vs_pert_maps_72dpi_70perc.png Graphic file (type png)
 <use ../plots_perturb/vs_pert_maps_72dpi_70perc.png>
Package pdftex.def Info: ../plots_perturb/vs_pert_maps_72dpi_70perc.png used on
 input line 504.
(pdftex.def)             Requested size: 407.66833pt x 195.55pt.
 [28 <../plots_perturb/impact_staele.pdf> <../plots_perturb/vp_pert_maps_72dpi_
70perc.png>]
<../plots_perturb/fdtomo1vp_sections_abs.png, id=342, 985.7628pt x 622.4856pt>
File: ../plots_perturb/fdtomo1vp_sections_abs.png Graphic file (type png)

<use ../plots_perturb/fdtomo1vp_sections_abs.png>
Package pdftex.def Info: ../plots_perturb/fdtomo1vp_sections_abs.png used on in
put line 515.
(pdftex.def)             Requested size: 407.66833pt x 257.43387pt.

<../plots_perturb/fdtomo1vs_sections_abs.png, id=343, 985.7628pt x 622.4856pt>
File: ../plots_perturb/fdtomo1vs_sections_abs.png Graphic file (type png)

<use ../plots_perturb/fdtomo1vs_sections_abs.png>
Package pdftex.def Info: ../plots_perturb/fdtomo1vs_sections_abs.png used on in
put line 522.
(pdftex.def)             Requested size: 407.66833pt x 257.43387pt.

<../plots_perturb/fdtomo2vp_sections_abs.png, id=344, 985.7628pt x 622.4856pt>
File: ../plots_perturb/fdtomo2vp_sections_abs.png Graphic file (type png)

<use ../plots_perturb/fdtomo2vp_sections_abs.png>
Package pdftex.def Info: ../plots_perturb/fdtomo2vp_sections_abs.png used on in
put line 532.
(pdftex.def)             Requested size: 407.66833pt x 257.43387pt.
 [29 <../plots_perturb/vs_pert_maps_72dpi_70perc.png>]

LaTeX Warning: Text page 30 contains only floats.

[30 <../plots_perturb/fdtomo1vp_sections_abs.png (PNG copy)> <../plots_perturb/
fdtomo1vs_sections_abs.png (PNG copy)>]
<../plots_perturb/fdtomo2vs_sections_abs.png, id=352, 985.7628pt x 622.4856pt>
File: ../plots_perturb/fdtomo2vs_sections_abs.png Graphic file (type png)

<use ../plots_perturb/fdtomo2vs_sections_abs.png>
Package pdftex.def Info: ../plots_perturb/fdtomo2vs_sections_abs.png used on in
put line 539.
(pdftex.def)             Requested size: 407.66833pt x 257.43387pt.
 [31 <../plots_perturb/fdtomo2vp_sections_abs.png (PNG copy)>]
<../plots_fdtomo/final2vp_sections_abs.png, id=356, 985.7628pt x 618.1494pt>
File: ../plots_fdtomo/final2vp_sections_abs.png Graphic file (type png)

<use ../plots_fdtomo/final2vp_sections_abs.png>
Package pdftex.def Info: ../plots_fdtomo/final2vp_sections_abs.png used on inpu
t line 552.
(pdftex.def)             Requested size: 407.66833pt x 255.6406pt.

<../plots_fdtomo/final2vs_sections_abs.png, id=357, 985.7628pt x 618.1494pt>
File: ../plots_fdtomo/final2vs_sections_abs.png Graphic file (type png)

<use ../plots_fdtomo/final2vs_sections_abs.png>
Package pdftex.def Info: ../plots_fdtomo/final2vs_sections_abs.png used on inpu
t line 559.
(pdftex.def)             Requested size: 407.66833pt x 255.6406pt.

<../plots_fdtomo/final2vp_sections.png, id=358, 1001.6622pt x 618.1494pt>
File: ../plots_fdtomo/final2vp_sections.png Graphic file (type png)

<use ../plots_fdtomo/final2vp_sections.png>
Package pdftex.def Info: ../plots_fdtomo/final2vp_sections.png used on input li
ne 566.
(pdftex.def)             Requested size: 407.66833pt x 251.57532pt.

<../plots_fdtomo/final2vs_sections.png, id=359, 1001.4213pt x 618.1494pt>
File: ../plots_fdtomo/final2vs_sections.png Graphic file (type png)

<use ../plots_fdtomo/final2vs_sections.png>
Package pdftex.def Info: ../plots_fdtomo/final2vs_sections.png used on input li
ne 573.
(pdftex.def)             Requested size: 407.66833pt x 251.64134pt.

<../plots_fdtomo/final2vp_maps_72dpi_70perc.png, id=360, 1056.1056pt x 1051.046
7pt>
File: ../plots_fdtomo/final2vp_maps_72dpi_70perc.png Graphic file (type png)
 <use ../plots_fdtomo/final2vp_maps_72dpi_70perc.png>
Package pdftex.def Info: ../plots_fdtomo/final2vp_maps_72dpi_70perc.png used on
 input line 582.
(pdftex.def)             Requested size: 407.66833pt x 405.7047pt.

<../plots_fdtomo/final2vs_maps_72dpi_70perc.png, id=361, 1056.1056pt x 1051.046
7pt>
File: ../plots_fdtomo/final2vs_maps_72dpi_70perc.png Graphic file (type png)
 <use ../plots_fdtomo/final2vs_maps_72dpi_70perc.png>
Package pdftex.def Info: ../plots_fdtomo/final2vs_maps_72dpi_70perc.png used on
 input line 589.
(pdftex.def)             Requested size: 407.66833pt x 405.7047pt.

<../plots_fdtomo/final1vpvs_maps_72dpi_70perc.png, id=362, 1056.1056pt x 1051.0
467pt>
File: ../plots_fdtomo/final1vpvs_maps_72dpi_70perc.png Graphic file (type png)
 <use ../plots_fdtomo/final1vpvs_maps_72dpi_70perc.png>
Package pdftex.def Info: ../plots_fdtomo/final1vpvs_maps_72dpi_70perc.png used 
on input line 596.
(pdftex.def)             Requested size: 407.66833pt x 405.7047pt.
 [32 <../plots_perturb/fdtomo2vs_sections_abs.png (PNG copy)>] [33 <../plots_fd
tomo/final2vp_sections_abs.png (PNG copy)> <../plots_fdtomo/final2vs_sections_a
bs.png (PNG copy)>] [34 <../plots_fdtomo/final2vp_sections.png (PNG copy)> <../
plots_fdtomo/final2vs_sections.png (PNG copy)>]
<../plots_fdtomo/final1vpvs_sections.png, id=373, 1022.6205pt x 836.1639pt>
File: ../plots_fdtomo/final1vpvs_sections.png Graphic file (type png)

<use ../plots_fdtomo/final1vpvs_sections.png>
Package pdftex.def Info: ../plots_fdtomo/final1vpvs_sections.png used on input 
line 605.
(pdftex.def)             Requested size: 407.66833pt x 333.33685pt.
 [35 <../plots_fdtomo/final2vp_maps_72dpi_70perc.png (PNG copy)>] [36 <../plots
_fdtomo/final2vs_maps_72dpi_70perc.png (PNG copy)>] [37 <../plots_fdtomo/final1
vpvs_maps_72dpi_70perc.png (PNG copy)>] [38 <../plots_fdtomo/final1vpvs_section
s.png (PNG copy)>]
<../plots_eqloc3d/eqloc3d_wrms.pdf, id=386, 749.80125pt x 316.18124pt>
File: ../plots_eqloc3d/eqloc3d_wrms.pdf Graphic file (type pdf)

<use ../plots_eqloc3d/eqloc3d_wrms.pdf>
Package pdftex.def Info: ../plots_eqloc3d/eqloc3d_wrms.pdf used on input line 6
46.
(pdftex.def)             Requested size: 407.66833pt x 171.90768pt.
 [39]
<../plots_eqloc3d/fdtomo_cross_all.png, id=391, 993.7125pt x 648.2619pt>
File: ../plots_eqloc3d/fdtomo_cross_all.png Graphic file (type png)

<use ../plots_eqloc3d/fdtomo_cross_all.png>
Package pdftex.def Info: ../plots_eqloc3d/fdtomo_cross_all.png used on input li
ne 655.
(pdftex.def)             Requested size: 407.66833pt x 265.94736pt.
 [40 <../plots_eqloc3d/eqloc3d_wrms.pdf>]
<../plots_eqloc3d/correlation_strain_rate.png, id=420, 211.992pt x 307.3884pt>
File: ../plots_eqloc3d/correlation_strain_rate.png Graphic file (type png)

<use ../plots_eqloc3d/correlation_strain_rate.png>
Package pdftex.def Info: ../plots_eqloc3d/correlation_strain_rate.png used on i
nput line 686.
(pdftex.def)             Requested size: 181.18439pt x 262.72598pt.

<../plots_eqloc3d/fdtomo_map_crustal.png, id=421, 351.2322pt x 463.4916pt>
File: ../plots_eqloc3d/fdtomo_map_crustal.png Graphic file (type png)

<use ../plots_eqloc3d/fdtomo_map_crustal.png>
Package pdftex.def Info: ../plots_eqloc3d/fdtomo_map_crustal.png used on input 
line 689.
(pdftex.def)             Requested size: 226.48395pt x 298.87552pt.
Missing character: There is no ‚ in font ptmr7t!
Missing character: There is no Ä in font ptmr7t!
Missing character: There is no ì in font ptmr7t!
Missing character: There is no ‚ in font ptmr7t!
Missing character: There is no Ä in font ptmr7t!
Missing character: There is no ì in font ptmr7t!
 [41 <../plots_eqloc3d/fdtomo_cross_all.png (PNG copy)>]
<../plots_eqloc3d/correlation_vpvs_ratio.png, id=425, 476.0184pt x 617.1858pt>
File: ../plots_eqloc3d/correlation_vpvs_ratio.png Graphic file (type png)

<use ../plots_eqloc3d/correlation_vpvs_ratio.png>
Package pdftex.def Info: ../plots_eqloc3d/correlation_vpvs_ratio.png used on in
put line 700.
(pdftex.def)             Requested size: 226.48395pt x 293.64659pt.

<../plots_eqloc3d/fdtomo_cross_crustal.png, id=426, 410.9754pt x 586.3506pt>
File: ../plots_eqloc3d/fdtomo_cross_crustal.png Graphic file (type png)

<use ../plots_eqloc3d/fdtomo_cross_crustal.png>
Package pdftex.def Info: ../plots_eqloc3d/fdtomo_cross_crustal.png used on inpu
t line 703.
(pdftex.def)             Requested size: 181.18439pt x 258.4961pt.
 [42 <../plots_eqloc3d/correlation_strain_rate.png> <../plots_eqloc3d/fdtomo_ma
p_crustal.png>]
<../plots_eqloc3d/faultsenya_topview.png, id=432, 329.7921pt x 372.4314pt>
File: ../plots_eqloc3d/faultsenya_topview.png Graphic file (type png)

<use ../plots_eqloc3d/faultsenya_topview.png>
Package pdftex.def Info: ../plots_eqloc3d/faultsenya_topview.png used on input 
line 714.
(pdftex.def)             Requested size: 181.18439pt x 204.61058pt.

<../plots_eqloc3d/faultsenya_sideview.png, id=433, 357.7365pt x 470.7186pt>
File: ../plots_eqloc3d/faultsenya_sideview.png Graphic file (type png)

<use ../plots_eqloc3d/faultsenya_sideview.png>
Package pdftex.def Info: ../plots_eqloc3d/faultsenya_sideview.png used on input
 line 717.
(pdftex.def)             Requested size: 181.18439pt x 238.40413pt.

<../plots_eqloc3d/faultuwandaira_topview.png, id=434, 329.7921pt x 372.4314pt>
File: ../plots_eqloc3d/faultuwandaira_topview.png Graphic file (type png)

<use ../plots_eqloc3d/faultuwandaira_topview.png>
Package pdftex.def Info: ../plots_eqloc3d/faultuwandaira_topview.png used on in
put line 728.
(pdftex.def)             Requested size: 181.18439pt x 204.61058pt.

<../plots_eqloc3d/faultuwandaira_sideview.png, id=435, 347.1369pt x 470.7186pt>
File: ../plots_eqloc3d/faultuwandaira_sideview.png Graphic file (type png)
<use ../plots_eqloc3d/faultuwandaira_sideview.png>
Package pdftex.def Info: ../plots_eqloc3d/faultuwandaira_sideview.png used on i
nput line 731.
(pdftex.def)             Requested size: 181.18439pt x 245.68726pt.
 [43 <../plots_eqloc3d/correlation_vpvs_ratio.png> <../plots_eqloc3d/fdtomo_cro
ss_crustal.png>] [44 <../plots_eqloc3d/faultsenya_topview.png (PNG copy)> <../p
lots_eqloc3d/faultsenya_sideview.png (PNG copy)>] [45 <../plots_eqloc3d/faultuw
andaira_topview.png (PNG copy)> <../plots_eqloc3d/faultuwandaira_sideview.png (
PNG copy)>]
Chapter 5.
[46

] [47] (./thesis.bbl [48] [49

] [50]
Missing character: There is no ‚ in font ptmr7t!
Missing character: There is no Ä in font ptmr7t!
Missing character: There is no î in font ptmr7t!
 [51] [52]) [53] (./thesis.aux) ) 
Here is how much of TeX's memory you used:
 6095 strings out of 493014
 97708 string characters out of 6133351
 161927 words of memory out of 5000000
 9459 multiletter control sequences out of 15000+600000
 14157 words of font info for 36 fonts, out of 8000000 for 9000
 1141 hyphenation exceptions out of 8191
 43i,11n,43p,2260b,296s stack positions out of 5000i,500n,10000p,200000b,80000s
{/usr/local/texlive/2016/texmf-dist/fonts/enc/
dvips/base/8r.enc}</usr/local/texlive/2016/texmf-dist/fonts/type1/public/amsfon
ts/cm/cmmi12.pfb></usr/local/texlive/2016/texmf-dist/fonts/type1/public/amsfont
s/cm/cmmi8.pfb></usr/local/texlive/2016/texmf-dist/fonts/type1/public/amsfonts/
cm/cmr12.pfb></usr/local/texlive/2016/texmf-dist/fonts/type1/public/amsfonts/cm
/cmsy10.pfb></usr/local/texlive/2016/texmf-dist/fonts/type1/public/amsfonts/cm/
cmsy8.pfb></usr/local/texlive/2016/texmf-dist/fonts/type1/urw/times/utmb8a.pfb>
</usr/local/texlive/2016/texmf-dist/fonts/type1/urw/times/utmr8a.pfb></usr/loca
l/texlive/2016/texmf-dist/fonts/type1/urw/times/utmri8a.pfb>
Output written on thesis.pdf (63 pages, 12576755 bytes).
PDF statistics:
 505 PDF objects out of 1000 (max. 8388607)
 320 compressed objects within 4 object streams
 0 named destinations out of 1000 (max. 500000)
 261 words of extra memory for PDF output out of 10000 (max. 10000000)

