\BOOKMARK [0][-]{chapter*.1}{List of Figures}{}% 1
\BOOKMARK [0][-]{chapter.1}{Introduction}{}% 2
\BOOKMARK [0][-]{chapter.2}{Approaches}{}% 3
\BOOKMARK [0][-]{chapter.3}{Data Preparation}{}% 4
\BOOKMARK [1][-]{section.3.1}{Selection criteria}{chapter.3}% 5
\BOOKMARK [1][-]{section.3.2}{Determination of optimal parameters}{chapter.3}% 6
\BOOKMARK [0][-]{chapter.4}{Analysis and Results}{}% 7
\BOOKMARK [1][-]{section.4.1}{JHD relocation analysis}{chapter.4}% 8
\BOOKMARK [2][-]{subsection.4.1.1}{Results}{section.4.1}% 9
\BOOKMARK [2][-]{subsection.4.1.2}{Discussions}{section.4.1}% 10
\BOOKMARK [1][-]{section.4.2}{Checkerboard resolution test}{chapter.4}% 11
\BOOKMARK [2][-]{subsection.4.2.1}{Results}{section.4.2}% 12
\BOOKMARK [2][-]{subsection.4.2.2}{Discussions}{section.4.2}% 13
\BOOKMARK [1][-]{section.4.3}{Design of an initial 3-D model}{chapter.4}% 14
\BOOKMARK [2][-]{subsection.4.3.1}{Results}{section.4.3}% 15
\BOOKMARK [2][-]{subsection.4.3.2}{Discussions}{section.4.3}% 16
\BOOKMARK [1][-]{section.4.4}{3-D tomographic inversion}{chapter.4}% 17
\BOOKMARK [2][-]{subsection.4.4.1}{Results}{section.4.4}% 18
\BOOKMARK [2][-]{subsection.4.4.2}{Discussions}{section.4.4}% 19
\BOOKMARK [1][-]{section.4.5}{Earthquake relocation using resultant 3-D model}{chapter.4}% 20
\BOOKMARK [2][-]{subsection.4.5.1}{Results}{section.4.5}% 21
\BOOKMARK [2][-]{subsection.4.5.2}{Dicussions}{section.4.5}% 22
\BOOKMARK [0][-]{chapter.5}{Conclusions}{}% 23
